Arguments: 
  C:\Program Files\nodejs\node.exe C:\Users\Admin\AppData\Roaming\npm\node_modules\yarn\bin\yarn.js add rn-sprite-sheet

PATH: 
  C:\Program Files (x86)\Common Files\Oracle\Java\javapath;C:\Windows\system32;C:\Windows;C:\Windows\System32\Wbem;C:\Windows\System32\WindowsPowerShell\v1.0\;C:\Windows\System32\OpenSSH\;C:\ProgramData\chocolatey\bin;C:\MinGW\bin;C:\Program Files\nodejs\;C:\Program Files\Git\cmd;C:\myPrograms\jdk\java-se-8u41-ri\bin;C:\myPrograms\jdk\jdk-20.0.1\bin;C:\myPrograms\jdk\jdk-17.0.7\bin;C:\myPrograms\jdk\openjdk-16.0.2\bin;C:\myPrograms\jdk\jdk-9.0.1\bin;C:\myPrograms\flutter\flutter_windows_3.10.0-stable\flutter\bin;C:\Users\Admin\AppData\Local\Programs\Python\Python310\Scripts\;C:\Users\Admin\AppData\Local\Programs\Python\Python310\;C:\Users\Admin\AppData\Local\Microsoft\WindowsApps;C:\Users\Admin\AppData\Local\Programs\Microsoft VS Code\bin;C:\MinGW\bin;C:\Users\Admin\AppData\Roaming\npm;C:\Program Files\JetBrains\IntelliJ IDEA Community Edition 2023.1.1\bin;

Yarn version: 
  1.22.19

Node version: 
  18.14.2

Platform: 
  win32 x64

Trace: 
  Error: ENOSPC: no space left on device, copyfile 'C:\Users\Admin\AppData\Local\Yarn\Cache\v6\npm-jsc-android-250231.0.0-91720f8df382a108872fa4b3f558f33ba5e95262-integrity\node_modules\jsc-android\dist\org\webkit\android-jsc-intl\r250231\android-jsc-intl-r250231.aar' -> 'C:\Users\Admin\Documents\Abdullah\Programming\react native projects\whack_a_mole_rn_two\node_modules\jsc-android\dist\org\webkit\android-jsc-intl\r250231\android-jsc-intl-r250231.aar'

npm manifest: 
  {
    "name": "whack_a_mole_rn_two",
    "version": "1.0.0",
    "main": "node_modules/expo/AppEntry.js",
    "scripts": {
      "start": "expo start",
      "android": "expo start --android",
      "ios": "expo start --ios",
      "web": "expo start --web"
    },
    "dependencies": {
      "expo": "~48.0.18",
      "expo-status-bar": "~1.4.4",
      "react": "18.2.0",
      "react-native": "0.71.8"
    },
    "devDependencies": {
      "@babel/core": "^7.20.0"
    },
    "private": true
  }

yarn manifest: 
  No manifest

Lockfile: 
  No lockfile
